c:\malware\yetanothershell\yetanothershell\yetanothershell\x64\debug\vc143.pdb
c:\malware\yetanothershell\yetanothershell\yetanothershell\x64\debug\vc143.idb
c:\malware\yetanothershell\yetanothershell\yetanothershell\x64\debug\shell.obj
c:\malware\yetanothershell\yetanothershell\yetanothershell\x64\debug\yetanothershell.ilk
c:\malware\yetanothershell\yetanothershell\x64\debug\yetanothershell.pdb
c:\malware\yetanothershell\yetanothershell\yetanothershell\x64\debug\yetanothershell.tlog\cl.command.1.tlog
c:\malware\yetanothershell\yetanothershell\yetanothershell\x64\debug\yetanothershell.tlog\cl.items.tlog
c:\malware\yetanothershell\yetanothershell\yetanothershell\x64\debug\yetanothershell.tlog\cl.read.1.tlog
c:\malware\yetanothershell\yetanothershell\yetanothershell\x64\debug\yetanothershell.tlog\cl.write.1.tlog
c:\malware\yetanothershell\yetanothershell\yetanothershell\x64\debug\yetanothershell.tlog\link-cvtres.read.1.tlog
c:\malware\yetanothershell\yetanothershell\yetanothershell\x64\debug\yetanothershell.tlog\link-cvtres.write.1.tlog
c:\malware\yetanothershell\yetanothershell\yetanothershell\x64\debug\yetanothershell.tlog\link-rc.read.1.tlog
c:\malware\yetanothershell\yetanothershell\yetanothershell\x64\debug\yetanothershell.tlog\link-rc.write.1.tlog
c:\malware\yetanothershell\yetanothershell\yetanothershell\x64\debug\yetanothershell.tlog\link.1032-cvtres.read.1.tlog
c:\malware\yetanothershell\yetanothershell\yetanothershell\x64\debug\yetanothershell.tlog\link.1032-cvtres.write.1.tlog
c:\malware\yetanothershell\yetanothershell\yetanothershell\x64\debug\yetanothershell.tlog\link.1032-rc.read.1.tlog
c:\malware\yetanothershell\yetanothershell\yetanothershell\x64\debug\yetanothershell.tlog\link.1032-rc.write.1.tlog
c:\malware\yetanothershell\yetanothershell\yetanothershell\x64\debug\yetanothershell.tlog\link.1032.read.1.tlog
c:\malware\yetanothershell\yetanothershell\yetanothershell\x64\debug\yetanothershell.tlog\link.1032.read.2.tlog
c:\malware\yetanothershell\yetanothershell\yetanothershell\x64\debug\yetanothershell.tlog\link.1032.write.1.tlog
c:\malware\yetanothershell\yetanothershell\yetanothershell\x64\debug\yetanothershell.tlog\link.command.1.tlog
c:\malware\yetanothershell\yetanothershell\yetanothershell\x64\debug\yetanothershell.tlog\link.read.1.tlog
c:\malware\yetanothershell\yetanothershell\yetanothershell\x64\debug\yetanothershell.tlog\link.read.2.tlog
c:\malware\yetanothershell\yetanothershell\yetanothershell\x64\debug\yetanothershell.tlog\link.secondary.1.tlog
c:\malware\yetanothershell\yetanothershell\yetanothershell\x64\debug\yetanothershell.tlog\link.write.1.tlog
